0.5336 	WARNING 	We strongly recommend you activate the PTB sound engine in PsychoPy prefs as the preferred audio engine. Its timing is vastly superior. Your prefs are currently set to use ['sounddevice', 'PTB', 'pyo', 'pygame'] (in that order).
1.2091 	WARNING 	Import Error: No module named 'psychtoolbox'. Using event module for keyboard component.
5.5650 	WARNING 	User requested fullscreen with size [1536  864], but screen is actually [1920, 1080]. Using actual size
6.1160 	EXP 	Created window1 = Window(allowGUI=False, allowStencil=False, args=UNKNOWN, autoLog=True, bitsMode=UNKNOWN, blendMode='avg', bpc=(8, 8, 8), color=array([-1., -1., -1.]), colorSpace='rgb', depthBits=8, fullscr=<method-wrapper '__getattribute__' of attributeSetter object at 0x7f2584242820>, gamma=None, gammaErrorPolicy='raise', kwargs=UNKNOWN, lms=UNKNOWN, monitor=<psychopy.monitors.calibTools.Monitor object at 0x7f257c162340>, multiSample=False, name='window1', numSamples=2, pos=[0.0, 0.0], screen=0, size=array([1920, 1080]), stencilBits=0, stereo=False, units='height', useFBO=True, useRetina=False, viewOri=0.0, viewPos=None, viewScale=None, waitBlanking=True, winType='pyglet')
6.1163 	EXP 	window1: mouseVisible = True
6.1164 	EXP 	window1: recordFrameIntervals = False
6.2803 	EXP 	window1: recordFrameIntervals = True
6.4650 	EXP 	window1: recordFrameIntervals = False
6.5618 	EXP 	Created welcomeText = TextStim(__class__=<class 'psychopy.visual.text.TextStim'>, alignHoriz=method-wrapper(...), alignText='center', alignVert=method-wrapper(...), anchorHoriz='center', anchorVert='center', antialias=True, autoLog=True, bold=False, color='white', colorSpace='named', contrast=1.0, depth=0.0, flipHoriz=False, flipVert=False, font='Arial', fontFiles=[], height=0.05, italic=False, languageStyle='LTR', name='welcomeText', opacity=1.0, ori=0, pos=array([0., 0.]), rgb=array([255., 255., 255.]), text=str(...), units='height', win=Window(...), wrapWidth=1)
6.5888 	EXP 	Created firstImg = ImageStim(__class__=<class 'psychopy.visual.image.ImageStim'>, autoLog=True, color=array([1., 1., 1.]), colorSpace='rgb', contrast=1.0, depth=0.0, flipHoriz=False, flipVert=False, image='img/stim.png', interpolate=True, mask=None, maskParams=None, name='firstImg', opacity=1.0, ori=0.0, pos=array([0., 0.]), size=array([2., 1.]), texRes=128, units='height', win=Window(...))
6.6120 	EXP 	Created blackImg1 = ImageStim(__class__=<class 'psychopy.visual.image.ImageStim'>, autoLog=True, color=array([1., 1., 1.]), colorSpace='rgb', contrast=1.0, depth=0.0, flipHoriz=False, flipVert=False, image='img/black.png', interpolate=True, mask=None, maskParams=None, name='blackImg1', opacity=1.0, ori=0.0, pos=array([0., 0.]), size=array([2., 1.]), texRes=128, units='height', win=Window(...))
6.6348 	EXP 	Created secondImg = ImageStim(__class__=<class 'psychopy.visual.image.ImageStim'>, autoLog=True, color=array([1., 1., 1.]), colorSpace='rgb', contrast=1.0, depth=0.0, flipHoriz=False, flipVert=False, image='img/stim.png', interpolate=True, mask=None, maskParams=None, name='secondImg', opacity=1.0, ori=0.0, pos=array([0., 0.]), size=array([2., 1.]), texRes=128, units='height', win=Window(...))
6.6579 	EXP 	Created blackImg2 = ImageStim(__class__=<class 'psychopy.visual.image.ImageStim'>, autoLog=True, color=array([1., 1., 1.]), colorSpace='rgb', contrast=1.0, depth=0.0, flipHoriz=False, flipVert=False, image='img/black.png', interpolate=True, mask=None, maskParams=None, name='blackImg2', opacity=1.0, ori=0.0, pos=array([0., 0.]), size=array([2., 1.]), texRes=128, units='height', win=Window(...))
6.6811 	EXP 	Created responseImg = ImageStim(__class__=<class 'psychopy.visual.image.ImageStim'>, autoLog=True, color=array([1., 1., 1.]), colorSpace='rgb', contrast=1.0, depth=0.0, flipHoriz=False, flipVert=False, image='img/resp.png', interpolate=True, mask=None, maskParams=None, name='responseImg', opacity=1.0, ori=0.0, pos=array([0., 0.]), size=array([2., 1.]), texRes=128, units='height', win=Window(...))
6.6864 	EXP 	Created responseText = TextStim(__class__=<class 'psychopy.visual.text.TextStim'>, alignHoriz=method-wrapper(...), alignText='center', alignVert=method-wrapper(...), anchorHoriz='center', anchorVert='center', antialias=True, autoLog=True, bold=False, color='white', colorSpace='named', contrast=1.0, depth=0.0, flipHoriz=False, flipVert=False, font='Arial', fontFiles=[], height=0.05, italic=False, languageStyle='LTR', name='responseText', opacity=1.0, ori=0, pos=array([0., 0.]), rgb=array([255., 255., 255.]), text='Press SPACE to initiate a new trial', units='height', win=Window(...), wrapWidth=1)
6.6894 	EXP 	Created endText = TextStim(__class__=<class 'psychopy.visual.text.TextStim'>, alignHoriz=method-wrapper(...), alignText='center', alignVert=method-wrapper(...), anchorHoriz='center', anchorVert='center', antialias=True, autoLog=True, bold=False, color='white', colorSpace='named', contrast=1.0, depth=0.0, flipHoriz=False, flipVert=False, font='Arial', fontFiles=[], height=0.05, italic=False, languageStyle='LTR', name='endText', opacity=1.0, ori=0, pos=array([0., 0.]), rgb=array([255., 255., 255.]), text='Thank you!', units='height', win=Window(...), wrapWidth=1)
6.6974 	EXP 	welcomeText: autoDraw = True
7.9415 	DATA 	Keypress: space
7.9510 	EXP 	Created sequence: sequential, trialTypes=1, nReps=1, seed=None
7.9517 	EXP 	New trial (rep=0, index=0): None
7.9644 	EXP 	welcomeText: autoDraw = False
7.9644 	EXP 	firstImg: autoDraw = True
11.9657 	EXP 	firstImg: autoDraw = False
11.9657 	EXP 	firstImg: autoDraw = False
11.9657 	EXP 	blackImg1: autoDraw = True
12.8665 	EXP 	blackImg1: autoDraw = False
12.8665 	EXP 	blackImg1: autoDraw = False
12.8665 	EXP 	secondImg: autoDraw = True
18.4674 	EXP 	secondImg: autoDraw = False
18.4674 	EXP 	secondImg: autoDraw = False
18.4674 	EXP 	blackImg2: autoDraw = True
19.4676 	EXP 	blackImg2: autoDraw = False
19.4676 	EXP 	blackImg2: autoDraw = False
19.4676 	EXP 	responseImg: autoDraw = True
44.6247 	DATA 	Keypress: 2
44.6411 	EXP 	responseImg: autoDraw = False
44.6411 	EXP 	responseText: autoDraw = True
46.7009 	DATA 	Keypress: space
46.7251 	EXP 	responseText: autoDraw = False
46.7251 	EXP 	endText: autoDraw = True
47.7255 	EXP 	endText: autoDraw = False
47.7255 	EXP 	endText: autoDraw = False
47.7482 	EXP 	window1: mouseVisible = True
