0.3886 	WARNING 	We strongly recommend you activate the PTB sound engine in PsychoPy prefs as the preferred audio engine. Its timing is vastly superior. Your prefs are currently set to use ['sounddevice', 'PTB', 'pyo', 'pygame'] (in that order).
0.9791 	WARNING 	Import Error: No module named 'psychtoolbox'. Using event module for keyboard component.
2.1854 	WARNING 	User requested fullscreen with size [1536  864], but screen is actually [1920, 1080]. Using actual size
2.7416 	EXP 	Created window1 = Window(allowGUI=False, allowStencil=False, args=UNKNOWN, autoLog=True, bitsMode=UNKNOWN, blendMode='avg', bpc=(8, 8, 8), color=array([-1., -1., -1.]), colorSpace='rgb', depthBits=8, fullscr=<method-wrapper '__getattribute__' of attributeSetter object at 0x7f1b0f57d5e0>, gamma=None, gammaErrorPolicy='raise', kwargs=UNKNOWN, lms=UNKNOWN, monitor=<psychopy.monitors.calibTools.Monitor object at 0x7f1b0f62c400>, multiSample=False, name='window1', numSamples=2, pos=[0.0, 0.0], screen=0, size=array([1920, 1080]), stencilBits=0, stereo=False, units='height', useFBO=True, useRetina=False, viewOri=0.0, viewPos=None, viewScale=None, waitBlanking=True, winType='pyglet')
2.7420 	EXP 	window1: mouseVisible = True
2.7421 	EXP 	window1: recordFrameIntervals = False
2.9066 	EXP 	window1: recordFrameIntervals = True
3.0896 	EXP 	window1: recordFrameIntervals = False
3.1561 	EXP 	Created welcomeText = TextStim(__class__=<class 'psychopy.visual.text.TextStim'>, alignHoriz=method-wrapper(...), alignText='center', alignVert=method-wrapper(...), anchorHoriz='center', anchorVert='center', antialias=True, autoLog=True, bold=False, color='white', colorSpace='named', contrast=1.0, depth=0.0, flipHoriz=False, flipVert=False, font='Arial', fontFiles=[], height=0.05, italic=False, languageStyle='LTR', name='welcomeText', opacity=1.0, ori=0, pos=array([0., 0.]), rgb=array([255., 255., 255.]), text=str(...), units='height', win=Window(...), wrapWidth=1)
3.1832 	EXP 	Created firstImg = ImageStim(__class__=<class 'psychopy.visual.image.ImageStim'>, autoLog=True, color=array([1., 1., 1.]), colorSpace='rgb', contrast=1.0, depth=0.0, flipHoriz=False, flipVert=False, image='img/stim.png', interpolate=True, mask=None, maskParams=None, name='firstImg', opacity=1.0, ori=0.0, pos=array([0., 0.]), size=array([2., 1.]), texRes=128, units='height', win=Window(...))
3.2060 	EXP 	Created blackImg1 = ImageStim(__class__=<class 'psychopy.visual.image.ImageStim'>, autoLog=True, color=array([1., 1., 1.]), colorSpace='rgb', contrast=1.0, depth=0.0, flipHoriz=False, flipVert=False, image='img/black.png', interpolate=True, mask=None, maskParams=None, name='blackImg1', opacity=1.0, ori=0.0, pos=array([0., 0.]), size=array([2., 1.]), texRes=128, units='height', win=Window(...))
3.2287 	EXP 	Created secondImg = ImageStim(__class__=<class 'psychopy.visual.image.ImageStim'>, autoLog=True, color=array([1., 1., 1.]), colorSpace='rgb', contrast=1.0, depth=0.0, flipHoriz=False, flipVert=False, image='img/stim.png', interpolate=True, mask=None, maskParams=None, name='secondImg', opacity=1.0, ori=0.0, pos=array([0., 0.]), size=array([2., 1.]), texRes=128, units='height', win=Window(...))
3.2512 	EXP 	Created blackImg2 = ImageStim(__class__=<class 'psychopy.visual.image.ImageStim'>, autoLog=True, color=array([1., 1., 1.]), colorSpace='rgb', contrast=1.0, depth=0.0, flipHoriz=False, flipVert=False, image='img/black.png', interpolate=True, mask=None, maskParams=None, name='blackImg2', opacity=1.0, ori=0.0, pos=array([0., 0.]), size=array([2., 1.]), texRes=128, units='height', win=Window(...))
3.2734 	EXP 	Created responseImg = ImageStim(__class__=<class 'psychopy.visual.image.ImageStim'>, autoLog=True, color=array([1., 1., 1.]), colorSpace='rgb', contrast=1.0, depth=0.0, flipHoriz=False, flipVert=False, image='img/resp.png', interpolate=True, mask=None, maskParams=None, name='responseImg', opacity=1.0, ori=0.0, pos=array([0., 0.]), size=array([2., 1.]), texRes=128, units='height', win=Window(...))
3.2779 	EXP 	Created responseText = TextStim(__class__=<class 'psychopy.visual.text.TextStim'>, alignHoriz=method-wrapper(...), alignText='center', alignVert=method-wrapper(...), anchorHoriz='center', anchorVert='center', antialias=True, autoLog=True, bold=False, color='white', colorSpace='named', contrast=1.0, depth=0.0, flipHoriz=False, flipVert=False, font='Arial', fontFiles=[], height=0.05, italic=False, languageStyle='LTR', name='responseText', opacity=1.0, ori=0, pos=array([0., 0.]), rgb=array([255., 255., 255.]), text='Press SPACE to initiate a new trial', units='height', win=Window(...), wrapWidth=1)
3.2810 	EXP 	Created endText = TextStim(__class__=<class 'psychopy.visual.text.TextStim'>, alignHoriz=method-wrapper(...), alignText='center', alignVert=method-wrapper(...), anchorHoriz='center', anchorVert='center', antialias=True, autoLog=True, bold=False, color='white', colorSpace='named', contrast=1.0, depth=0.0, flipHoriz=False, flipVert=False, font='Arial', fontFiles=[], height=0.05, italic=False, languageStyle='LTR', name='endText', opacity=1.0, ori=0, pos=array([0., 0.]), rgb=array([255., 255., 255.]), text='Thank you!', units='height', win=Window(...), wrapWidth=1)
3.2903 	EXP 	welcomeText: autoDraw = True
4.9750 	DATA 	Keypress: space
5.0022 	EXP 	Imported time_conditions.csv as conditions, 54 conditions, 2 params
5.0036 	EXP 	Created sequence: sequential, trialTypes=54, nReps=1, seed=None
5.0046 	EXP 	New trial (rep=0, index=0): OrderedDict([('t1', 4.0), ('t2', 5.6)])
5.0160 	EXP 	welcomeText: autoDraw = False
5.0160 	EXP 	firstImg: autoDraw = True
9.0243 	EXP 	firstImg: autoDraw = False
9.0243 	EXP 	firstImg: autoDraw = False
9.0243 	EXP 	blackImg1: autoDraw = True
9.9248 	EXP 	blackImg1: autoDraw = False
9.9248 	EXP 	blackImg1: autoDraw = False
9.9248 	EXP 	secondImg: autoDraw = True
15.5269 	EXP 	secondImg: autoDraw = False
15.5269 	EXP 	secondImg: autoDraw = False
15.5269 	EXP 	blackImg2: autoDraw = True
16.5271 	EXP 	blackImg2: autoDraw = False
16.5271 	EXP 	blackImg2: autoDraw = False
16.5271 	EXP 	responseImg: autoDraw = True
18.7203 	DATA 	Keypress: 2
18.7441 	EXP 	responseImg: autoDraw = False
18.7441 	EXP 	responseText: autoDraw = True
22.3377 	DATA 	Keypress: space
22.3495 	EXP 	New trial (rep=0, index=1): OrderedDict([('t1', 3.2), ('t2', 6.4)])
22.3615 	EXP 	responseText: autoDraw = False
22.3615 	EXP 	firstImg: autoDraw = True
25.5629 	EXP 	firstImg: autoDraw = False
25.5629 	EXP 	firstImg: autoDraw = False
25.5629 	EXP 	blackImg1: autoDraw = True
26.4629 	EXP 	blackImg1: autoDraw = False
26.4629 	EXP 	blackImg1: autoDraw = False
26.4629 	EXP 	secondImg: autoDraw = True
32.2978 	DATA 	Keypress: escape
32.3201 	EXP 	window1: mouseVisible = True
