0.3874 	WARNING 	We strongly recommend you activate the PTB sound engine in PsychoPy prefs as the preferred audio engine. Its timing is vastly superior. Your prefs are currently set to use ['sounddevice', 'PTB', 'pyo', 'pygame'] (in that order).
1.0672 	WARNING 	Import Error: No module named 'psychtoolbox'. Using event module for keyboard component.
2.8709 	WARNING 	User requested fullscreen with size [1536  864], but screen is actually [1920, 1080]. Using actual size
3.4444 	EXP 	Created window1 = Window(allowGUI=False, allowStencil=False, args=UNKNOWN, autoLog=True, bitsMode=UNKNOWN, blendMode='avg', bpc=(8, 8, 8), color=array([-1., -1., -1.]), colorSpace='rgb', depthBits=8, fullscr=<method-wrapper '__getattribute__' of attributeSetter object at 0x7fd528d905e0>, gamma=None, gammaErrorPolicy='raise', kwargs=UNKNOWN, lms=UNKNOWN, monitor=<psychopy.monitors.calibTools.Monitor object at 0x7fd528e40400>, multiSample=False, name='window1', numSamples=2, pos=[0.0, 0.0], screen=0, size=array([1920, 1080]), stencilBits=0, stereo=False, units='height', useFBO=True, useRetina=False, viewOri=0.0, viewPos=None, viewScale=None, waitBlanking=True, winType='pyglet')
3.4447 	EXP 	window1: mouseVisible = True
3.4448 	EXP 	window1: recordFrameIntervals = False
3.6091 	EXP 	window1: recordFrameIntervals = True
3.7932 	EXP 	window1: recordFrameIntervals = False
3.8901 	EXP 	Created welcomeText = TextStim(__class__=<class 'psychopy.visual.text.TextStim'>, alignHoriz=method-wrapper(...), alignText='center', alignVert=method-wrapper(...), anchorHoriz='center', anchorVert='center', antialias=True, autoLog=True, bold=False, color='white', colorSpace='named', contrast=1.0, depth=0.0, flipHoriz=False, flipVert=False, font='Arial', fontFiles=[], height=0.05, italic=False, languageStyle='LTR', name='welcomeText', opacity=1.0, ori=0, pos=array([0., 0.]), rgb=array([255., 255., 255.]), text=str(...), units='height', win=Window(...), wrapWidth=1)
3.9192 	EXP 	Created firstImg = ImageStim(__class__=<class 'psychopy.visual.image.ImageStim'>, autoLog=True, color=array([1., 1., 1.]), colorSpace='rgb', contrast=1.0, depth=0.0, flipHoriz=False, flipVert=False, image='img/stim.png', interpolate=True, mask=None, maskParams=None, name='firstImg', opacity=1.0, ori=0.0, pos=array([0., 0.]), size=array([2., 1.]), texRes=128, units='height', win=Window(...))
3.9476 	EXP 	Created blackImg1 = ImageStim(__class__=<class 'psychopy.visual.image.ImageStim'>, autoLog=True, color=array([1., 1., 1.]), colorSpace='rgb', contrast=1.0, depth=0.0, flipHoriz=False, flipVert=False, image='img/black.png', interpolate=True, mask=None, maskParams=None, name='blackImg1', opacity=1.0, ori=0.0, pos=array([0., 0.]), size=array([2., 1.]), texRes=128, units='height', win=Window(...))
3.9756 	EXP 	Created secondImg = ImageStim(__class__=<class 'psychopy.visual.image.ImageStim'>, autoLog=True, color=array([1., 1., 1.]), colorSpace='rgb', contrast=1.0, depth=0.0, flipHoriz=False, flipVert=False, image='img/stim.png', interpolate=True, mask=None, maskParams=None, name='secondImg', opacity=1.0, ori=0.0, pos=array([0., 0.]), size=array([2., 1.]), texRes=128, units='height', win=Window(...))
4.0005 	EXP 	Created blackImg2 = ImageStim(__class__=<class 'psychopy.visual.image.ImageStim'>, autoLog=True, color=array([1., 1., 1.]), colorSpace='rgb', contrast=1.0, depth=0.0, flipHoriz=False, flipVert=False, image='img/black.png', interpolate=True, mask=None, maskParams=None, name='blackImg2', opacity=1.0, ori=0.0, pos=array([0., 0.]), size=array([2., 1.]), texRes=128, units='height', win=Window(...))
4.0271 	EXP 	Created responseImg = ImageStim(__class__=<class 'psychopy.visual.image.ImageStim'>, autoLog=True, color=array([1., 1., 1.]), colorSpace='rgb', contrast=1.0, depth=0.0, flipHoriz=False, flipVert=False, image='img/resp.png', interpolate=True, mask=None, maskParams=None, name='responseImg', opacity=1.0, ori=0.0, pos=array([0., 0.]), size=array([2., 1.]), texRes=128, units='height', win=Window(...))
4.0324 	EXP 	Created responseText = TextStim(__class__=<class 'psychopy.visual.text.TextStim'>, alignHoriz=method-wrapper(...), alignText='center', alignVert=method-wrapper(...), anchorHoriz='center', anchorVert='center', antialias=True, autoLog=True, bold=False, color='white', colorSpace='named', contrast=1.0, depth=0.0, flipHoriz=False, flipVert=False, font='Arial', fontFiles=[], height=0.05, italic=False, languageStyle='LTR', name='responseText', opacity=1.0, ori=0, pos=array([0., 0.]), rgb=array([255., 255., 255.]), text='Press SPACE to initiate a new trial', units='height', win=Window(...), wrapWidth=1)
4.0363 	EXP 	Created endText = TextStim(__class__=<class 'psychopy.visual.text.TextStim'>, alignHoriz=method-wrapper(...), alignText='center', alignVert=method-wrapper(...), anchorHoriz='center', anchorVert='center', antialias=True, autoLog=True, bold=False, color='white', colorSpace='named', contrast=1.0, depth=0.0, flipHoriz=False, flipVert=False, font='Arial', fontFiles=[], height=0.05, italic=False, languageStyle='LTR', name='endText', opacity=1.0, ori=0, pos=array([0., 0.]), rgb=array([255., 255., 255.]), text='Thank you!', units='height', win=Window(...), wrapWidth=1)
4.0466 	EXP 	welcomeText: autoDraw = True
4.6278 	DATA 	Keypress: space
4.6439 	EXP 	Created sequence: sequential, trialTypes=1, nReps=1000, seed=None
4.6566 	EXP 	New trial (rep=0, index=0): None
4.6673 	EXP 	welcomeText: autoDraw = False
4.6673 	EXP 	firstImg: autoDraw = True
4.9184 	DATA 	Keypress: space
8.6776 	EXP 	firstImg: autoDraw = False
8.6776 	EXP 	firstImg: autoDraw = False
8.6776 	EXP 	blackImg1: autoDraw = True
9.5778 	EXP 	blackImg1: autoDraw = False
9.5778 	EXP 	secondImg: autoDraw = True
15.1787 	EXP 	secondImg: autoDraw = False
15.1787 	EXP 	secondImg: autoDraw = False
15.1787 	EXP 	blackImg2: autoDraw = True
16.1791 	EXP 	blackImg2: autoDraw = False
16.1791 	EXP 	blackImg2: autoDraw = False
16.1791 	EXP 	responseImg: autoDraw = True
16.7557 	DATA 	Keypress: 1
16.7881 	EXP 	responseImg: autoDraw = False
16.7881 	EXP 	responseText: autoDraw = True
18.0136 	DATA 	Keypress: space
18.0407 	EXP 	New trial (rep=1, index=0): None
18.0490 	EXP 	responseText: autoDraw = False
18.0490 	EXP 	firstImg: autoDraw = True
19.4232 	DATA 	Keypress: escape
19.4520 	EXP 	window1: mouseVisible = True
